2025-01-18T20:47:07.698Z [error]: unhandledRejection: 
Invalid `prisma.user.delete()` invocation in
C:\Users\marvi\Documents\skillshare-hub\backend\src\controllers\authController.ts:42:40

  39 
  40 export const getUser = async (  req: Request,
  41   res: Response) => {
→ 42   const user = await prisma.user.delete(
Foreign key constraint violated: `user_interests_userId_fkey (index)`
PrismaClientKnownRequestError: 
Invalid `prisma.user.delete()` invocation in
C:\Users\marvi\Documents\skillshare-hub\backend\src\controllers\authController.ts:42:40

  39 
  40 export const getUser = async (  req: Request,
  41   res: Response) => {
→ 42   const user = await prisma.user.delete(
Foreign key constraint violated: `user_interests_userId_fkey (index)`
    at Vn.handleRequestError (C:\Users\marvi\Documents\skillshare-hub\backend\node_modules\@prisma\client\runtime\library.js:121:7339)
    at Vn.handleAndLogRequestError (C:\Users\marvi\Documents\skillshare-hub\backend\node_modules\@prisma\client\runtime\library.js:121:6663)
    at Vn.request (C:\Users\marvi\Documents\skillshare-hub\backend\node_modules\@prisma\client\runtime\library.js:121:6370)
    at async l (C:\Users\marvi\Documents\skillshare-hub\backend\node_modules\@prisma\client\runtime\library.js:130:9617)
2025-01-18T20:47:07.706Z [error]: Unhandled Rejection: PrismaClientKnownRequestError: 
Invalid `prisma.user.delete()` invocation in
C:\Users\marvi\Documents\skillshare-hub\backend\src\controllers\authController.ts:42:40

  39 
  40 export const getUser = async (  req: Request,
  41   res: Response) => {
→ 42   const user = await prisma.user.delete(
Foreign key constraint violated: `user_interests_userId_fkey (index)`
2025-01-19T20:37:50.463Z [error]: Error in login: JWTPrivateKey environment variable not set
2025-01-19T20:37:59.955Z [error]: Error in login: JWTPrivateKey environment variable not set
2025-01-20T23:04:16.813Z [error]: Error in forgot password: 
Invalid `prisma.user.findUnique()` invocation in
C:\Users\marvi\Documents\skillshare-hub\backend\src\controllers\authController.ts:105:36

  102 export const forgotPassword = async (req: Request, res: Response): Promise<any> => {
  103   try {
  104     const { email } = req.body;
→ 105     const user = await prisma.user.findUnique({
            where: {
              email: undefined,
          ?   id?: String,
          ?   AND?: UserWhereInput | UserWhereInput[],
          ?   OR?: UserWhereInput[],
          ?   NOT?: UserWhereInput | UserWhereInput[],
          ?   firstName?: StringFilter | String,
          ?   lastName?: StringFilter | String,
          ?   password?: StringNullableFilter | String | Null,
          ?   photoUrl?: StringNullableFilter | String | Null,
          ?   googleId?: StringNullableFilter | String | Null,
          ?   createdAt?: DateTimeFilter | DateTime,
          ?   updatedAt?: DateTimeFilter | DateTime,
          ?   interests?: UserInterestListRelationFilter
            }
          })

Argument `where` of type UserWhereUniqueInput needs at least one of `id` or `email` arguments. Available options are marked with ?.
2025-01-20T23:04:21.745Z [error]: Error in forgot password: 
Invalid `prisma.user.findUnique()` invocation in
C:\Users\marvi\Documents\skillshare-hub\backend\src\controllers\authController.ts:105:36

  102 export const forgotPassword = async (req: Request, res: Response): Promise<any> => {
  103   try {
  104     const { email } = req.body;
→ 105     const user = await prisma.user.findUnique({
            where: {
              email: undefined,
          ?   id?: String,
          ?   AND?: UserWhereInput | UserWhereInput[],
          ?   OR?: UserWhereInput[],
          ?   NOT?: UserWhereInput | UserWhereInput[],
          ?   firstName?: StringFilter | String,
          ?   lastName?: StringFilter | String,
          ?   password?: StringNullableFilter | String | Null,
          ?   photoUrl?: StringNullableFilter | String | Null,
          ?   googleId?: StringNullableFilter | String | Null,
          ?   createdAt?: DateTimeFilter | DateTime,
          ?   updatedAt?: DateTimeFilter | DateTime,
          ?   interests?: UserInterestListRelationFilter
            }
          })

Argument `where` of type UserWhereUniqueInput needs at least one of `id` or `email` arguments. Available options are marked with ?.
2025-01-20T23:05:02.567Z [error]: Error in forgot password: 
Invalid `prisma.user.findUnique()` invocation in
C:\Users\marvi\Documents\skillshare-hub\backend\src\controllers\authController.ts:105:36

  102 export const forgotPassword = async (req: Request, res: Response): Promise<any> => {
  103   try {
  104     const { email } = req.body;
→ 105     const user = await prisma.user.findUnique({
            where: {
              email: undefined,
          ?   id?: String,
          ?   AND?: UserWhereInput | UserWhereInput[],
          ?   OR?: UserWhereInput[],
          ?   NOT?: UserWhereInput | UserWhereInput[],
          ?   firstName?: StringFilter | String,
          ?   lastName?: StringFilter | String,
          ?   password?: StringNullableFilter | String | Null,
          ?   photoUrl?: StringNullableFilter | String | Null,
          ?   googleId?: StringNullableFilter | String | Null,
          ?   createdAt?: DateTimeFilter | DateTime,
          ?   updatedAt?: DateTimeFilter | DateTime,
          ?   interests?: UserInterestListRelationFilter
            }
          })

Argument `where` of type UserWhereUniqueInput needs at least one of `id` or `email` arguments. Available options are marked with ?.
2025-01-20T23:12:15.569Z [error]: Error in forgot password: Missing credentials for "PLAIN"
2025-01-21T23:26:33.096Z [error]: Error in user registration: 
Invalid `prisma.user.findUnique()` invocation in
C:\Users\marvi\Documents\skillshare-hub\backend\src\controllers\authController.ts:66:36

  63 ): Promise<any> => {
  64   try {
  65     const { firstName, lastName, email, password, interests, role } = req.body;
→ 66     const user = await prisma.user.findUnique(
The table `public.users` does not exist in the current database.
2025-01-21T23:27:46.851Z [error]: Error in user registration: 
Invalid `prisma.user.create()` invocation in
C:\Users\marvi\Documents\skillshare-hub\backend\src\controllers\authController.ts:72:39

  69 }
  70 const hashedPassword = await bcrypt.hash(password, 10);
  71 
→ 72 const newUser = await prisma.user.create(
An operation failed because it depends on one or more records that were required but not found. No 'Interest' record(s) (needed to inline the relation on 'UserInterest' record(s)) was found for a nested connect on one-to-many relation 'InterestToUserInterest'.
